<?xml version="1.0" encoding="UTF-8"?>
<!-- Generated by org.testng.reporters.JUnitXMLReporter -->
<testsuite ignored="0" hostname="services-MacBook-Pro.local" failures="0" tests="3" name="Test 1" time="18.539" errors="0" timestamp="2022-06-14T16:12:48 BST">
  <testcase classname="adukLogin.loginWithValidCredentials" name="validCredentialsLogin" time="4.336"/>
  <testcase classname="adukLogin.loginWithInvalidCredentials" name="invalidCredentialsLogin" time="0.582"/>
  <testcase classname="adukLogin.loginWithInvalidCredentials" name="verifyErrorMessage" time="0.232"/>
</testsuite> <!-- Test 1 -->
