<?xml version="1.0" encoding="UTF-8"?>
<testng-results ignored="0" total="1" passed="1" failed="0" skipped="0">
  <reporter-output>
  </reporter-output>
  <suite started-at="2022-06-12T17:30:27 BST" name="Suite 1" finished-at="2022-06-12T17:30:35 BST" duration-ms="8650">
    <groups>
    </groups>
    <test started-at="2022-06-12T17:30:27 BST" name="Test 1" finished-at="2022-06-12T17:30:35 BST" duration-ms="8650">
      <class name="adukLogin.loginWithValidCredentials">
        <test-method is-config="true" signature="setUp()[pri:0, instance:adukLogin.loginWithValidCredentials@1ffe63b9]" started-at="2022-06-12T17:30:27 BST" name="setUp" finished-at="2022-06-12T17:30:30 BST" duration-ms="3453" status="PASS">
          <reporter-output>
          </reporter-output>
        </test-method> <!-- setUp -->
        <test-method signature="loginTest()[pri:0, instance:adukLogin.loginWithValidCredentials@1ffe63b9]" started-at="2022-06-12T17:30:30 BST" name="loginTest" finished-at="2022-06-12T17:30:35 BST" duration-ms="5025" status="PASS">
          <reporter-output>
          </reporter-output>
        </test-method> <!-- loginTest -->
        <test-method is-config="true" signature="tearDown()[pri:0, instance:adukLogin.loginWithValidCredentials@1ffe63b9]" started-at="2022-06-12T17:30:35 BST" name="tearDown" finished-at="2022-06-12T17:30:35 BST" duration-ms="143" status="PASS">
          <reporter-output>
          </reporter-output>
        </test-method> <!-- tearDown -->
      </class> <!-- adukLogin.loginWithValidCredentials -->
    </test> <!-- Test 1 -->
  </suite> <!-- Suite 1 -->
</testng-results>
